<?xml version="1.0" encoding="UTF-8"?>
<!-- Generated by org.testng.reporters.JUnitReportReporter -->
<testsuite hostname="SANDEEP-LAPTOP" failures="0" tests="1" name="testCases.TC_001_AccountRegistrationTest" time="13.945" errors="0" timestamp="2025-02-12T22:30:33 IST" skipped="0">
  <testcase classname="testCases.TC_001_AccountRegistrationTest" name="verify_account_registration" time="13.945"/>
  <system-out/>
</testsuite> <!-- testCases.TC_001_AccountRegistrationTest -->
