<?xml version="1.0" encoding="UTF-8"?>
<!-- Generated by org.testng.reporters.JUnitReportReporter -->
<testsuite hostname="SANDEEP-LAPTOP" failures="0" tests="5" name="testCases.TC_003_LoginDDT" time="7.869" errors="0" timestamp="2025-02-12T22:30:33 IST" skipped="0">
  <testcase classname="testCases.TC_003_LoginDDT" name="verify_loginDDT" time="1.716"/>
  <system-out/>
  <testcase classname="testCases.TC_003_LoginDDT" name="verify_loginDDT" time="1.406"/>
  <system-out/>
  <testcase classname="testCases.TC_003_LoginDDT" name="verify_loginDDT" time="1.579"/>
  <system-out/>
  <testcase classname="testCases.TC_003_LoginDDT" name="verify_loginDDT" time="1.658"/>
  <system-out/>
  <testcase classname="testCases.TC_003_LoginDDT" name="verify_loginDDT" time="1.510"/>
  <system-out/>
</testsuite> <!-- testCases.TC_003_LoginDDT -->
