<?xml version="1.0" encoding="UTF-8"?>
<!-- Generated by org.testng.reporters.JUnitReportReporter -->
<testsuite hostname="Shivani-Laptop" failures="0" tests="1" name="testCases.TC_001_AccountRegistrationTest" time="12.138" errors="0" timestamp="2025-02-20T09:02:19 IST" skipped="0">
  <testcase classname="testCases.TC_001_AccountRegistrationTest" name="verify_account_registration" time="12.138"/>
  <system-out/>
</testsuite> <!-- testCases.TC_001_AccountRegistrationTest -->
