<?xml version="1.0" encoding="UTF-8"?>
<!-- Generated by org.testng.reporters.JUnitReportReporter -->
<testsuite hostname="SANDEEP-LAPTOP" failures="0" tests="1" name="testCases.TC_002_LoginTest" time="1.468" errors="0" timestamp="2025-02-12T22:49:55 IST" skipped="0">
  <testcase classname="testCases.TC_002_LoginTest" name="verify_account_Login" time="1.468"/>
  <system-out/>
</testsuite> <!-- testCases.TC_002_LoginTest -->
