<?xml version="1.0" encoding="UTF-8"?>
<!-- Generated by org.testng.reporters.JUnitReportReporter -->
<testsuite hostname="Shivani-Laptop" failures="0" tests="1" name="testCases.TC_002_LoginTest" time="1.392" errors="0" timestamp="2025-02-20T09:02:19 IST" skipped="0">
  <testcase classname="testCases.TC_002_LoginTest" name="verify_account_Login" time="1.392"/>
  <system-out/>
</testsuite> <!-- testCases.TC_002_LoginTest -->
